<?xml version="1.0" encoding="UTF-8"?>
<testng-results skipped="0" failed="0" ignored="0" total="1" passed="1">
  <reporter-output>
  </reporter-output>
  <suite name="Default suite" duration-ms="1619" started-at="2019-10-17T16:12:02Z" finished-at="2019-10-17T16:12:04Z">
    <groups>
    </groups>
    <test name="Default test" duration-ms="1619" started-at="2019-10-17T16:12:02Z" finished-at="2019-10-17T16:12:04Z">
      <class name="com.atmecs.atmecs_automation.testscripts.TestVerifyBlogs">
        <test-method status="PASS" signature="verifyBlogsAndComments()[pri:0, instance:com.atmecs.atmecs_automation.testscripts.TestVerifyBlogs@61832929]" name="verifyBlogsAndComments" duration-ms="1541" started-at="2019-10-17T16:12:02Z" finished-at="2019-10-17T16:12:04Z">
          <reporter-output>
          </reporter-output>
        </test-method> <!-- verifyBlogsAndComments -->
      </class> <!-- com.atmecs.atmecs_automation.testscripts.TestVerifyBlogs -->
    </test> <!-- Default test -->
  </suite> <!-- Default suite -->
</testng-results>
